info @storybook/react v6.4.18
info 
info => Cleaning outputDir: /var/folders/tq/fy8my3k97qbdcc0bh9y1b4hc0000gn/T/chromatic--86696-UchsPU4aLYis
info => Loading presets
WARN   Failed to load preset: "/Users/daniellop/Documents/components/node_modules/@storybook/manager-webpack4/dist/cjs/presets/manager-preset.js"
ERR! Error: Cannot find module 'react/package.json'
ERR! Require stack:
ERR! - /Users/daniellop/Documents/components/node_modules/@storybook/ui/noop.js
ERR!     at Function.Module._resolveFilename (internal/modules/cjs/loader.js:902:15)
ERR!     at resolveFileName (/Users/daniellop/Documents/components/node_modules/resolve-from/index.js:29:39)
ERR!     at resolveFrom (/Users/daniellop/Documents/components/node_modules/resolve-from/index.js:43:9)
ERR!     at module.exports (/Users/daniellop/Documents/components/node_modules/resolve-from/index.js:46:47)
ERR!     at Object.<anonymous> (/Users/daniellop/Documents/components/node_modules/@storybook/ui/paths.js:17:18)
ERR!     at Module._compile (internal/modules/cjs/loader.js:1085:14)
ERR!     at Object.Module._extensions..js (internal/modules/cjs/loader.js:1114:10)
ERR!     at Module.load (internal/modules/cjs/loader.js:950:32)
ERR!     at Function.Module._load (internal/modules/cjs/loader.js:790:12)
ERR!     at Module.require (internal/modules/cjs/loader.js:974:19)
ERR!     at require (internal/modules/cjs/helpers.js:93:18)
ERR!     at Object.<anonymous> (/Users/daniellop/Documents/components/node_modules/@storybook/manager-webpack4/dist/cjs/presets/manager-preset.js:63:38)
ERR!     at Module._compile (internal/modules/cjs/loader.js:1085:14)
ERR!     at Object.Module._extensions..js (internal/modules/cjs/loader.js:1114:10)
ERR!     at Module.load (internal/modules/cjs/loader.js:950:32)
ERR!     at Function.Module._load (internal/modules/cjs/loader.js:790:12)
ERR!  Error: Cannot find module 'react/package.json'
ERR! Require stack:
ERR! - /Users/daniellop/Documents/components/node_modules/@storybook/ui/noop.js
ERR!     at Function.Module._resolveFilename (internal/modules/cjs/loader.js:902:15)
ERR!     at resolveFileName (/Users/daniellop/Documents/components/node_modules/resolve-from/index.js:29:39)
ERR!     at resolveFrom (/Users/daniellop/Documents/components/node_modules/resolve-from/index.js:43:9)
ERR!     at module.exports (/Users/daniellop/Documents/components/node_modules/resolve-from/index.js:46:47)
ERR!     at Object.<anonymous> (/Users/daniellop/Documents/components/node_modules/@storybook/ui/paths.js:17:18)
ERR!     at Module._compile (internal/modules/cjs/loader.js:1085:14)
ERR!     at Object.Module._extensions..js (internal/modules/cjs/loader.js:1114:10)
ERR!     at Module.load (internal/modules/cjs/loader.js:950:32)
ERR!     at Function.Module._load (internal/modules/cjs/loader.js:790:12)
ERR!     at Module.require (internal/modules/cjs/loader.js:974:19)
ERR!     at require (internal/modules/cjs/helpers.js:93:18)
ERR!     at Object.<anonymous> (/Users/daniellop/Documents/components/node_modules/@storybook/manager-webpack4/dist/cjs/presets/manager-preset.js:63:38)
ERR!     at Module._compile (internal/modules/cjs/loader.js:1085:14)
ERR!     at Object.Module._extensions..js (internal/modules/cjs/loader.js:1114:10)
ERR!     at Module.load (internal/modules/cjs/loader.js:950:32)
ERR!     at Function.Module._load (internal/modules/cjs/loader.js:790:12) {
ERR!   code: 'MODULE_NOT_FOUND',
ERR!   requireStack: [
ERR!     '/Users/daniellop/Documents/components/node_modules/@storybook/ui/noop.js'
ERR!   ]
ERR! }
info => Compiling preview..
ERR! Error: Cannot find module 'react/package.json'
ERR! Require stack:
ERR! - /Users/daniellop/Documents/components/node_modules/@storybook/builder-webpack4/dist/cjs/preview/iframe-webpack.config.js
ERR! - /Users/daniellop/Documents/components/node_modules/@storybook/builder-webpack4/dist/cjs/presets/preview-preset.js
ERR! - /Users/daniellop/Documents/components/node_modules/@storybook/core-common/dist/cjs/presets.js
ERR! - /Users/daniellop/Documents/components/node_modules/@storybook/core-common/dist/cjs/index.js
ERR! - /Users/daniellop/Documents/components/node_modules/@storybook/core-server/dist/cjs/index.js
ERR! - /Users/daniellop/Documents/components/node_modules/@storybook/core/dist/cjs/server.js
ERR! - /Users/daniellop/Documents/components/node_modules/@storybook/core/server.js
ERR! - /Users/daniellop/Documents/components/node_modules/@storybook/react/dist/cjs/server/build.js
ERR! - /Users/daniellop/Documents/components/node_modules/@storybook/react/bin/build.js
ERR!     at Function.Module._resolveFilename (internal/modules/cjs/loader.js:902:15)
ERR!     at Function.resolve (internal/modules/cjs/helpers.js:99:19)
ERR!     at _default (/Users/daniellop/Documents/components/node_modules/@storybook/builder-webpack4/dist/cjs/preview/iframe-webpack.config.js:196:46)
ERR!     at async Object.build (/Users/daniellop/Documents/components/node_modules/@storybook/builder-webpack4/dist/cjs/index.js:174:16)
ERR!     at async Promise.all (index 1)
ERR!     at async buildStaticStandalone (/Users/daniellop/Documents/components/node_modules/@storybook/core-server/dist/cjs/build-static.js:175:28)
ERR!     at async buildStatic (/Users/daniellop/Documents/components/node_modules/@storybook/core-server/dist/cjs/build-static.js:195:5)
ERR!  Error: Cannot find module 'react/package.json'
ERR! Require stack:
ERR! - /Users/daniellop/Documents/components/node_modules/@storybook/builder-webpack4/dist/cjs/preview/iframe-webpack.config.js
ERR! - /Users/daniellop/Documents/components/node_modules/@storybook/builder-webpack4/dist/cjs/presets/preview-preset.js
ERR! - /Users/daniellop/Documents/components/node_modules/@storybook/core-common/dist/cjs/presets.js
ERR! - /Users/daniellop/Documents/components/node_modules/@storybook/core-common/dist/cjs/index.js
ERR! - /Users/daniellop/Documents/components/node_modules/@storybook/core-server/dist/cjs/index.js
ERR! - /Users/daniellop/Documents/components/node_modules/@storybook/core/dist/cjs/server.js
ERR! - /Users/daniellop/Documents/components/node_modules/@storybook/core/server.js
ERR! - /Users/daniellop/Documents/components/node_modules/@storybook/react/dist/cjs/server/build.js
ERR! - /Users/daniellop/Documents/components/node_modules/@storybook/react/bin/build.js
ERR!     at Function.Module._resolveFilename (internal/modules/cjs/loader.js:902:15)
ERR!     at Function.resolve (internal/modules/cjs/helpers.js:99:19)
ERR!     at _default (/Users/daniellop/Documents/components/node_modules/@storybook/builder-webpack4/dist/cjs/preview/iframe-webpack.config.js:196:46)
ERR!     at async Object.build (/Users/daniellop/Documents/components/node_modules/@storybook/builder-webpack4/dist/cjs/index.js:174:16)
ERR!     at async Promise.all (index 1)
ERR!     at async buildStaticStandalone (/Users/daniellop/Documents/components/node_modules/@storybook/core-server/dist/cjs/build-static.js:175:28)
ERR!     at async buildStatic (/Users/daniellop/Documents/components/node_modules/@storybook/core-server/dist/cjs/build-static.js:195:5) {
ERR!   code: 'MODULE_NOT_FOUND',
ERR!   requireStack: [
ERR!     '/Users/daniellop/Documents/components/node_modules/@storybook/builder-webpack4/dist/cjs/preview/iframe-webpack.config.js',
ERR!     '/Users/daniellop/Documents/components/node_modules/@storybook/builder-webpack4/dist/cjs/presets/preview-preset.js',
ERR!     '/Users/daniellop/Documents/components/node_modules/@storybook/core-common/dist/cjs/presets.js',
ERR!     '/Users/daniellop/Documents/components/node_modules/@storybook/core-common/dist/cjs/index.js',
ERR!     '/Users/daniellop/Documents/components/node_modules/@storybook/core-server/dist/cjs/index.js',
ERR!     '/Users/daniellop/Documents/components/node_modules/@storybook/core/dist/cjs/server.js',
ERR!     '/Users/daniellop/Documents/components/node_modules/@storybook/core/server.js',
ERR!     '/Users/daniellop/Documents/components/node_modules/@storybook/react/dist/cjs/server/build.js',
ERR!     '/Users/daniellop/Documents/components/node_modules/@storybook/react/bin/build.js'
ERR!   ]
ERR! }
